<?xml version="1.0" encoding="UTF-8"?>
<!-- Generated by org.testng.reporters.JUnitXMLReporter -->
<testsuite ignored="0" hostname="ESSENZAADEVPC17" failures="1" tests="1" name="Test1" time="45.788" errors="0" timestamp="2023-09-27T13:41:46 IST">
  <testcase classname="Master.Vessel" name="addExistingVessel" time="44.499">
    <failure type="java.lang.AssertionError" message="expected [Vessel already present in the system.] but found []">
      <![CDATA[java.lang.AssertionError: expected [Vessel already present in the system.] but found []
at Utility.Library.customAssertEquals(Library.java:270)
at Master.Vessel.addExistingVessel(Vessel.java:121)
at java.base/java.util.ArrayList.forEach(ArrayList.java:1511)
... Removed 32 stack frames]]>
    </failure>
  </testcase> <!-- addExistingVessel -->
</testsuite> <!-- Test1 -->
