<?xml version="1.0" encoding="UTF-8"?>
<!-- Generated by org.testng.reporters.JUnitXMLReporter -->
<testsuite ignored="0" hostname="ESSENZAADEV17" failures="1" tests="1" name="Test(failed)(failed)" time="0.043" errors="0" timestamp="2023-09-04T16:20:19 IST">
  <testcase classname="Test.LogIn" name="logIn" time="0.0">
    <failure type="java.lang.RuntimeException" message="java.lang.NoClassDefFoundError: Could not initialize class org.apache.logging.log4j.util.PropertiesUtil">
      <![CDATA[java.lang.RuntimeException: java.lang.NoClassDefFoundError: Could not initialize class org.apache.logging.log4j.util.PropertiesUtil
at java.base/java.util.ArrayList.forEach(ArrayList.java:1511)
Caused by: java.lang.NoClassDefFoundError: Could not initialize class org.apache.logging.log4j.util.PropertiesUtil
at org.apache.logging.log4j.status.StatusLogger.<clinit>(StatusLogger.java:78)
at org.apache.logging.log4j.LogManager.<clinit>(LogManager.java:61)
at org.apache.poi.ooxml.POIXMLDocumentPart.<clinit>(POIXMLDocumentPart.java:56)
at Utility.Library.getExcelSheetObject(Library.java:248)
at Utility.Library.customGetDataForDataProvider(Library.java:687)
at Test.LogIn.logInData(LogIn.java:26)
... 25 more
Caused by: java.lang.ExceptionInInitializerError: Exception java.lang.IllegalArgumentException: key can't be empty [in thread "main"]
at java.base/java.lang.System.checkKey(System.java:1098)
at java.base/java.lang.System.getProperty(System.java:961)
at org.apache.logging.log4j.util.SystemPropertiesPropertySource.getProperty(SystemPropertiesPropertySource.java:84)
at org.apache.logging.log4j.util.PropertiesUtil$Environment.lambda$null$2(PropertiesUtil.java:485)
at java.base/java.lang.Iterable.forEach(Iterable.java:75)
at org.apache.logging.log4j.util.PropertiesUtil$Environment.lambda$reload$3(PropertiesUtil.java:484)
at java.base/java.util.stream.ForEachOps$ForEachOp$OfRef.accept(ForEachOps.java:183)
at java.base/java.util.stream.ReferencePipeline$2$1.accept(ReferencePipeline.java:179)
at java.base/java.util.HashMap$KeySpliterator.forEachRemaining(HashMap.java:1715)
at java.base/java.util.stream.AbstractPipeline.copyInto(AbstractPipeline.java:509)
at java.base/java.util.stream.AbstractPipeline.wrapAndCopyInto(AbstractPipeline.java:499)
at java.base/java.util.stream.ForEachOps$ForEachOp.evaluateSequential(ForEachOps.java:150)
at java.base/java.util.stream.ForEachOps$ForEachOp$OfRef.evaluateSequential(ForEachOps.java:173)
at java.base/java.util.stream.AbstractPipeline.evaluate(AbstractPipeline.java:234)
at java.base/java.util.stream.ReferencePipeline.forEach(ReferencePipeline.java:596)
at org.apache.logging.log4j.util.PropertiesUtil$Environment.reload(PropertiesUtil.java:482)
at org.apache.logging.log4j.util.PropertiesUtil$Environment.<init>(PropertiesUtil.java:464)
at org.apache.logging.log4j.util.PropertiesUtil$Environment.<init>(PropertiesUtil.java:434)
at org.apache.logging.log4j.util.PropertiesUtil.<init>(PropertiesUtil.java:88)
at org.apache.logging.log4j.util.PropertiesUtil.<init>(PropertiesUtil.java:80)
at org.apache.logging.log4j.util.PropertiesUtil.<clinit>(PropertiesUtil.java:56)
at org.apache.logging.log4j.util.Constants.<clinit>(Constants.java:30)
at org.apache.logging.log4j.spi.AbstractLogger.createClassForProperty(AbstractLogger.java:207)
at org.apache.logging.log4j.spi.AbstractLogger.<clinit>(AbstractLogger.java:95)
... 35 more
... Removed 30 stack frames]]>
    </failure>
  </testcase> <!-- logIn -->
</testsuite> <!-- Test(failed)(failed) -->
