<?xml version="1.0" encoding="UTF-8"?>
<!-- Generated by org.testng.reporters.JUnitXMLReporter -->
<testsuite ignored="0" hostname="ESSENZAADEV17" failures="0" tests="5" name="Test1" time="55.553" errors="0" timestamp="2023-08-30T18:11:54 IST">
  <testcase classname="Test.LogIn" name="logIn" time="9.407"/>
  <testcase classname="Test.LogIn" name="logIn" time="9.422"/>
  <testcase classname="Test.LogIn" name="logIn" time="9.378"/>
  <testcase classname="Test.LogIn" name="logIn" time="9.173"/>
  <testcase classname="Test.LogIn" name="logIn" time="9.38"/>
</testsuite> <!-- Test1 -->
