<?xml version="1.0" encoding="UTF-8"?>
<!-- Generated by org.testng.reporters.JUnitXMLReporter -->
<testsuite ignored="0" hostname="ESSENZAADEV17" failures="0" tests="5" name="Test2" time="63.987" errors="0" timestamp="2023-08-30T18:12:58 IST">
  <testcase classname="Test.LogIn" name="logIn" time="9.596"/>
  <testcase classname="Test.LogIn" name="logIn" time="9.522"/>
  <testcase classname="Test.LogIn" name="logIn" time="9.518"/>
  <testcase classname="Test.LogIn" name="logIn" time="9.323"/>
  <testcase classname="Test.LogIn" name="logIn" time="9.54"/>
</testsuite> <!-- Test2 -->
