<?xml version="1.0" encoding="UTF-8"?>
<!-- Generated by org.testng.reporters.JUnitXMLReporter -->
<testsuite ignored="0" hostname="ESSENZAADEV17" failures="2" tests="2" name="Test(failed)" time="23.333" errors="0" timestamp="2023-09-04T17:07:33 IST">
  <testcase classname="Test.LogIn" name="logIn" time="9.428">
    <failure type="java.lang.AssertionError" message="expected [Applications] but found []">
      <![CDATA[java.lang.AssertionError: expected [Applications] but found []
at Utility.Library.customAssertEquals(Library.java:267)
at Test.LogIn.logIn(LogIn.java:48)
at java.base/java.util.ArrayList.forEach(ArrayList.java:1511)
... Removed 31 stack frames]]>
    </failure>
  </testcase> <!-- logIn -->
  <testcase classname="Test.LogIn" name="logIn" time="9.39">
    <failure type="java.lang.AssertionError" message="expected [Invalid Login Credentials] but found [Account Locked on 30-08-2023. Please Contact Administrator]">
      <![CDATA[java.lang.AssertionError: expected [Invalid Login Credentials] but found [Account Locked on 30-08-2023. Please Contact Administrator]
at Utility.Library.customAssertEquals(Library.java:267)
at Test.LogIn.logIn(LogIn.java:48)
at java.base/java.util.ArrayList.forEach(ArrayList.java:1511)
... Removed 31 stack frames]]>
    </failure>
  </testcase> <!-- logIn -->
</testsuite> <!-- Test(failed) -->
