<?xml version="1.0" encoding="UTF-8"?>
<!-- Generated by org.testng.reporters.JUnitXMLReporter -->
<testsuite ignored="4" hostname="ESSENZAADEVPC17" failures="1" tests="2" name="Test" time="55.813" errors="0" timestamp="2023-09-27T13:40:14 IST">
  <testcase classname="Master.Vessel" name="addExistingVessel" time="44.737">
    <failure type="java.lang.AssertionError" message="expected [Vessel already present in the system.] but found []">
      <![CDATA[java.lang.AssertionError: expected [Vessel already present in the system.] but found []
at Utility.Library.customAssertEquals(Library.java:270)
at Master.Vessel.addExistingVessel(Vessel.java:121)
at java.base/java.util.ArrayList.forEach(ArrayList.java:1511)
... Removed 32 stack frames]]>
    </failure>
  </testcase> <!-- addExistingVessel -->
  <testcase classname="Master.SendMail" name="SendReportToEmail" time="7.704"/>
  <testcase classname="Utility.BaseClass" name="@BeforeSuite befourSuite" time="0.0">
    <ignored/>
  </testcase> <!-- @BeforeSuite befourSuite -->
  <testcase classname="Utility.BaseClass" name="@AfterTest AfterTest" time="0.0">
    <ignored/>
  </testcase> <!-- @AfterTest AfterTest -->
  <testcase classname="Utility.BaseClass" name="@AfterSuite AfterSuite" time="0.0">
    <ignored/>
  </testcase> <!-- @AfterSuite AfterSuite -->
  <testcase classname="Utility.BaseClass" name="@BeforeTest befourTest" time="0.0">
    <ignored/>
  </testcase> <!-- @BeforeTest befourTest -->
</testsuite> <!-- Test -->
