<?xml version="1.0" encoding="UTF-8"?>
<testng-results ignored="0" total="1" passed="1" failed="0" skipped="0">
  <reporter-output>
  </reporter-output>
  <suite started-at="2023-09-27T15:36:05 IST" name="Suite" finished-at="2023-09-27T15:36:11 IST" duration-ms="5548">
    <groups>
    </groups>
    <test started-at="2023-09-27T15:36:05 IST" name="Test" finished-at="2023-09-27T15:36:11 IST" duration-ms="5548">
      <class name="Test.SendMail">
        <test-method signature="sentEmail()[pri:0, instance:Test.SendMail@378542de]" started-at="2023-09-27T15:36:05 IST" name="sentEmail" finished-at="2023-09-27T15:36:11 IST" duration-ms="5529" status="PASS">
          <reporter-output>
          </reporter-output>
        </test-method> <!-- sentEmail -->
      </class> <!-- Test.SendMail -->
    </test> <!-- Test -->
  </suite> <!-- Suite -->
</testng-results>
