<?xml version="1.0" encoding="UTF-8"?>
<!-- Generated by org.testng.reporters.JUnitReportReporter -->
<testsuite hostname="ESSENZAADEV17" failures="0" tests="3" name="Test.Test1$TestAnnotationDataProvider" time="0.005" errors="0" timestamp="2023-08-29T10:55:34 IST" skipped="0">
  <testcase classname="Test.Test1$TestAnnotationDataProvider" name="testMethod" time="0.001"/>
  <testcase classname="Test.Test1$TestAnnotationDataProvider" name="testMethod" time="0.004"/>
  <testcase classname="Test.Test1$TestAnnotationDataProvider" name="testMethod" time="0.000"/>
</testsuite> <!-- Test.Test1$TestAnnotationDataProvider -->
