<?xml version="1.0" encoding="UTF-8"?>
<!-- Generated by org.testng.reporters.JUnitReportReporter -->
<testsuite hostname="ESSENZAADEV17" failures="0" tests="5" name="Test.LogIn" time="57.475" errors="0" timestamp="2023-09-12T11:30:15 IST" skipped="0">
  <testcase classname="Test.LogIn" name="logIn" time="11.252"/>
  <testcase classname="Test.LogIn" name="logIn" time="11.389"/>
  <testcase classname="Test.LogIn" name="logIn" time="11.557"/>
  <testcase classname="Test.LogIn" name="logIn" time="11.286"/>
  <testcase classname="Test.LogIn" name="logIn" time="11.991"/>
</testsuite> <!-- Test.LogIn -->
